#-----------------------------------------------------------
# Vivado v2024.2 (64-bit)
# SW Build 5239630 on Fri Nov 08 22:35:27 MST 2024
# IP Build 5239520 on Sun Nov 10 16:12:51 MST 2024
# SharedData Build 5239561 on Fri Nov 08 14:39:27 MST 2024
# Start of session at: Tue Jul  1 15:52:55 2025
# Process ID         : 18452
# Current directory  : C:/Users/LeeladithyaSagar/Desktop/Mini_Project/AES_Decryption
# Command line       : vivado.exe -gui_launcher_event rodinguilauncherevent19224 C:\Users\LeeladithyaSagar\Desktop\Mini_Project\AES_Decryption\AES_Decryption.xpr
# Log file           : C:/Users/LeeladithyaSagar/Desktop/Mini_Project/AES_Decryption/vivado.log
# Journal file       : C:/Users/LeeladithyaSagar/Desktop/Mini_Project/AES_Decryption\vivado.jou
# Running On         : DESKTOP-JFF140U
# Platform           : Windows Server 2016 or Windows 10
# Operating System   : 19045
# Processor Detail   : 11th Gen Intel(R) Core(TM) i5-1135G7 @ 2.40GHz
# CPU Frequency      : 1382 MHz
# CPU Physical cores : 4
# CPU Logical cores  : 8
# Host memory        : 8320 MB
# Swap memory        : 8053 MB
# Total Virtual      : 16373 MB
# Available Virtual  : 5717 MB
#-----------------------------------------------------------
start_gui
open_project C:/Users/LeeladithyaSagar/Desktop/Mini_Project/AES_Decryption/AES_Decryption.xpr
INFO: [filemgmt 56-3] Default IP Output Path : Could not find the directory 'C:/Users/LeeladithyaSagar/Desktop/Mini_Project/AES_Decryption/AES_Decryption.gen/sources_1'.
Scanning sources...
Finished scanning sources
INFO: [IP_Flow 19-234] Refreshing IP repositories
INFO: [IP_Flow 19-1704] No user IP repositories specified
INFO: [IP_Flow 19-2313] Loaded Vivado IP repository 'D:/Xilinx_Vivado/Vivado/2024.2/data/ip'.
update_compile_order -fileset sources_1
launch_runs synth_1 -jobs 8
[Tue Jul  1 15:53:33 2025] Launched synth_1...
Run output will be captured here: C:/Users/LeeladithyaSagar/Desktop/Mini_Project/AES_Decryption/AES_Decryption.runs/synth_1/runme.log
launch_runs impl_1 -jobs 8
[Tue Jul  1 16:33:11 2025] Launched impl_1...
Run output will be captured here: C:/Users/LeeladithyaSagar/Desktop/Mini_Project/AES_Decryption/AES_Decryption.runs/impl_1/runme.log
open_run impl_1
INFO: [Device 21-403] Loading part xc7a200tffg1156-1
Netlist sorting complete. Time (s): cpu = 00:00:00 ; elapsed = 00:00:00.026 . Memory (MB): peak = 1412.910 ; gain = 0.000
INFO: [Netlist 29-17] Analyzing 480 Unisim elements for replacement
INFO: [Netlist 29-28] Unisim Transformation completed in 0 CPU seconds
INFO: [Project 1-479] Netlist was created with Vivado 2024.2
INFO: [Project 1-570] Preparing netlist for logic optimization
Read ShapeDB Complete: Time (s): cpu = 00:00:00 ; elapsed = 00:00:00.030 . Memory (MB): peak = 1512.191 ; gain = 1.195
INFO: [Designutils 20-5722] Start Reading Physical Databases.
Reading placement.
Read Netlist Cache: Time (s): cpu = 00:00:00 ; elapsed = 00:00:00.007 . Memory (MB): peak = 1517.195 ; gain = 3.988
Reading placer database...
Read Device Cache: Time (s): cpu = 00:00:00 ; elapsed = 00:00:00.008 . Memory (MB): peak = 1517.652 ; gain = 0.457
Read PlaceDB: Time (s): cpu = 00:00:00 ; elapsed = 00:00:00.171 . Memory (MB): peak = 1524.844 ; gain = 4.680
Read PulsedLatchDB: Time (s): cpu = 00:00:00 ; elapsed = 00:00:00 . Memory (MB): peak = 1524.844 ; gain = 0.000
Reading routing.
Read RouteStorage: Time (s): cpu = 00:00:00 ; elapsed = 00:00:00.063 . Memory (MB): peak = 1526.566 ; gain = 1.723
Read Physdb Files: Time (s): cpu = 00:00:00 ; elapsed = 00:00:00.264 . Memory (MB): peak = 1526.566 ; gain = 13.359
Restored from archive | CPU: 0.000000 secs | Memory: 0.000000 MB |
Finished XDEF File Restore: Time (s): cpu = 00:00:00 ; elapsed = 00:00:00.267 . Memory (MB): peak = 1526.566 ; gain = 13.359
Netlist sorting complete. Time (s): cpu = 00:00:00 ; elapsed = 00:00:00.001 . Memory (MB): peak = 1945.613 ; gain = 0.000
INFO: [Project 1-111] Unisim Transformation Summary:
No Unisim elements were transformed.

open_run: Time (s): cpu = 00:00:30 ; elapsed = 00:00:20 . Memory (MB): peak = 2305.641 ; gain = 1121.371
WARNING: [Timing 38-313] There are no user specified timing constraints. Timing constraints are needed for proper timing analysis.
add_files -fileset constrs_1 -norecurse C:/Users/LeeladithyaSagar/Desktop/Mini_Project/AES_final_review/AES_final_review.srcs/constrs_1/new/time_constraint.xdc
WARNING: [filemgmt 56-199] Attempt to get parsing info during refresh. "On-the-fly" syntax checking information may be incorrect. [C:\Users\LeeladithyaSagar\Desktop\Mini_Project\AES_Decryption\AES_Decryption.srcs\sources_1\new\aes_top.v:]
WARNING: [filemgmt 56-199] Attempt to get parsing info during refresh. "On-the-fly" syntax checking information may be incorrect. [C:\Users\LeeladithyaSagar\Desktop\Mini_Project\AES_Decryption\AES_Decryption.srcs\sim_1\new\tb_aes_decrpyt.v:]
WARNING: [filemgmt 56-199] Attempt to get parsing info during refresh. "On-the-fly" syntax checking information may be incorrect. [C:\Users\LeeladithyaSagar\Desktop\Mini_Project\AES_Decryption\AES_Decryption.srcs\sim_1\new\tb_aes_decrpyt.v:]
WARNING: [filemgmt 56-199] Attempt to get parsing info during refresh. "On-the-fly" syntax checking information may be incorrect. [C:\Users\LeeladithyaSagar\Desktop\Mini_Project\AES_Decryption\AES_Decryption.srcs\sim_1\new\tb_aes_decrpyt.v:]
ERROR: [Common 17-180] Spawn failed: No error
WARNING: [filemgmt 56-199] Attempt to get parsing info during refresh. "On-the-fly" syntax checking information may be incorrect. [C:\Users\LeeladithyaSagar\Desktop\Mini_Project\AES_Decryption\AES_Decryption.srcs\sources_1\new\aes_top.v:]
WARNING: [filemgmt 56-199] Attempt to get parsing info during refresh. "On-the-fly" syntax checking information may be incorrect. [C:\Users\LeeladithyaSagar\Desktop\Mini_Project\AES_Decryption\AES_Decryption.srcs\sim_1\new\tb_aes_decrpyt.v:]
WARNING: [filemgmt 56-199] Attempt to get parsing info during refresh. "On-the-fly" syntax checking information may be incorrect. [C:\Users\LeeladithyaSagar\Desktop\Mini_Project\AES_Decryption\AES_Decryption.srcs\sim_1\new\tb_aes_decrpyt.v:]
WARNING: [filemgmt 56-199] Attempt to get parsing info during refresh. "On-the-fly" syntax checking information may be incorrect. [C:\Users\LeeladithyaSagar\Desktop\Mini_Project\AES_Decryption\AES_Decryption.srcs\sim_1\new\tb_aes_decrpyt.v:]
ERROR: [Common 17-180] Spawn failed: No error
reset_run synth_1
INFO: [Project 1-1161] Replacing file C:/Users/LeeladithyaSagar/Desktop/Mini_Project/AES_Decryption/AES_Decryption.srcs/utils_1/imports/synth_1/aes_top.dcp with file C:/Users/LeeladithyaSagar/Desktop/Mini_Project/AES_Decryption/AES_Decryption.runs/synth_1/aes_top.dcp
launch_runs impl_1 -jobs 8
[Tue Jul  1 16:42:45 2025] Launched synth_1...
Run output will be captured here: C:/Users/LeeladithyaSagar/Desktop/Mini_Project/AES_Decryption/AES_Decryption.runs/synth_1/runme.log
[Tue Jul  1 16:42:45 2025] Launched impl_1...
Run output will be captured here: C:/Users/LeeladithyaSagar/Desktop/Mini_Project/AES_Decryption/AES_Decryption.runs/impl_1/runme.log
WARNING: [filemgmt 56-199] Attempt to get parsing info during refresh. "On-the-fly" syntax checking information may be incorrect. [C:\Users\LeeladithyaSagar\Desktop\Mini_Project\AES_Decryption\AES_Decryption.srcs\sources_1\new\aes_top.v:]
WARNING: [filemgmt 56-199] Attempt to get parsing info during refresh. "On-the-fly" syntax checking information may be incorrect. [C:\Users\LeeladithyaSagar\Desktop\Mini_Project\AES_Decryption\AES_Decryption.srcs\sim_1\new\tb_aes_decrpyt.v:]
WARNING: [filemgmt 56-199] Attempt to get parsing info during refresh. "On-the-fly" syntax checking information may be incorrect. [C:\Users\LeeladithyaSagar\Desktop\Mini_Project\AES_Decryption\AES_Decryption.srcs\sources_1\new\aes_top.v:]
WARNING: [filemgmt 56-199] Attempt to get parsing info during refresh. "On-the-fly" syntax checking information may be incorrect. [C:\Users\LeeladithyaSagar\Desktop\Mini_Project\AES_Decryption\AES_Decryption.srcs\sources_1\new\aes_top.v:]
ERROR: [Common 17-180] Spawn failed: No error
close_design
close_design: Time (s): cpu = 00:00:05 ; elapsed = 00:00:21 . Memory (MB): peak = 2443.051 ; gain = 0.035
reset_run synth_1
exit
INFO: [Common 17-206] Exiting Vivado at Tue Jul  1 17:50:24 2025...
