#-----------------------------------------------------------
# Vivado v2024.2 (64-bit)
# SW Build 5239630 on Fri Nov 08 22:35:27 MST 2024
# IP Build 5239520 on Sun Nov 10 16:12:51 MST 2024
# SharedData Build 5239561 on Fri Nov 08 14:39:27 MST 2024
# Start of session at: Wed Jul  2 09:42:23 2025
# Process ID         : 15136
# Current directory  : C:/Users/LeeladithyaSagar/Desktop/Mini_Project/AES_Decryption
# Command line       : vivado.exe -gui_launcher_event rodinguilauncherevent16208 C:\Users\LeeladithyaSagar\Desktop\Mini_Project\AES_Decryption\AES_Decryption.xpr
# Log file           : C:/Users/LeeladithyaSagar/Desktop/Mini_Project/AES_Decryption/vivado.log
# Journal file       : C:/Users/LeeladithyaSagar/Desktop/Mini_Project/AES_Decryption\vivado.jou
# Running On         : DESKTOP-JFF140U
# Platform           : Windows Server 2016 or Windows 10
# Operating System   : 19045
# Processor Detail   : 11th Gen Intel(R) Core(TM) i5-1135G7 @ 2.40GHz
# CPU Frequency      : 1382 MHz
# CPU Physical cores : 4
# CPU Logical cores  : 8
# Host memory        : 8320 MB
# Swap memory        : 8321 MB
# Total Virtual      : 16641 MB
# Available Virtual  : 9026 MB
#-----------------------------------------------------------
start_gui
open_project C:/Users/LeeladithyaSagar/Desktop/Mini_Project/AES_Decryption/AES_Decryption.xpr
INFO: [filemgmt 56-3] Default IP Output Path : Could not find the directory 'C:/Users/LeeladithyaSagar/Desktop/Mini_Project/AES_Decryption/AES_Decryption.gen/sources_1'.
Scanning sources...
Finished scanning sources
INFO: [IP_Flow 19-234] Refreshing IP repositories
INFO: [IP_Flow 19-1704] No user IP repositories specified
INFO: [IP_Flow 19-2313] Loaded Vivado IP repository 'D:/Xilinx_Vivado/Vivado/2024.2/data/ip'.
open_project: Time (s): cpu = 00:00:17 ; elapsed = 00:00:09 . Memory (MB): peak = 1167.953 ; gain = 82.496
update_compile_order -fileset sources_1
exit
INFO: [Common 17-206] Exiting Vivado at Wed Jul  2 10:59:20 2025...
