
*** Running vivado
    with args -log AES.vds -m64 -product Vivado -mode batch -messageDb vivado.pb -notrace -source AES.tcl



****** Vivado v2024.2 (64-bit)
  **** SW Build 5239630 on Fri Nov 08 22:35:27 MST 2024
  **** IP Build 5239520 on Sun Nov 10 16:12:51 MST 2024
  **** SharedData Build 5239561 on Fri Nov 08 14:39:27 MST 2024
  **** Start of session at: Thu Jul  3 12:32:26 2025
    ** Copyright 1986-2022 Xilinx, Inc. All Rights Reserved.
    ** Copyright 2022-2024 Advanced Micro Devices, Inc. All Rights Reserved.

source AES.tcl -notrace
Command: read_checkpoint -auto_incremental -incremental C:/Users/LeeladithyaSagar/Desktop/Mini_Project/AES_Decryption/AES_Decryption.srcs/utils_1/imports/synth_1/aes_top.dcp
INFO: [Vivado 12-5825] Read reference checkpoint from C:/Users/LeeladithyaSagar/Desktop/Mini_Project/AES_Decryption/AES_Decryption.srcs/utils_1/imports/synth_1/aes_top.dcp for incremental synthesis
INFO: [Vivado 12-7989] Please ensure there are no constraint changes
Command: synth_design -top AES -part xc7a200tffg1156-1
Starting synth_design
Attempting to get a license for feature 'Synthesis' and/or device 'xc7a200t'
INFO: [Common 17-349] Got license for feature 'Synthesis' and/or device 'xc7a200t'
INFO: [Device 21-403] Loading part xc7a200tffg1156-1
INFO: [Synth 8-7079] Multithreading enabled for synth_design using a maximum of 2 processes.
INFO: [Synth 8-7078] Launching helper process for spawning children vivado processes
INFO: [Synth 8-7075] Helper process launched with PID 13260
---------------------------------------------------------------------------------
Starting RTL Elaboration : Time (s): cpu = 00:00:08 ; elapsed = 00:00:08 . Memory (MB): peak = 1058.039 ; gain = 468.676
---------------------------------------------------------------------------------
INFO: [Synth 8-6157] synthesizing module 'AES' [C:/Users/LeeladithyaSagar/Desktop/Mini_Project/AES_Decryption/AES_Decryption.srcs/sources_1/new/aes_top.v:23]
INFO: [Synth 8-6157] synthesizing module 'key_expansion' [C:/Users/LeeladithyaSagar/Desktop/Mini_Project/AES_Decryption/AES_Decryption.srcs/sources_1/new/key_expansion.v:23]
INFO: [Synth 8-6157] synthesizing module 'g_function' [C:/Users/LeeladithyaSagar/Desktop/Mini_Project/AES_Decryption/AES_Decryption.srcs/sources_1/new/g_function.v:23]
INFO: [Synth 8-6157] synthesizing module 'sbox' [C:/Users/LeeladithyaSagar/Desktop/Mini_Project/AES_Decryption/AES_Decryption.srcs/sources_1/new/sbox.v:24]
WARNING: [Synth 8-6104] Input port '(null)[1].a' has an internal driver [C:/Users/LeeladithyaSagar/Desktop/Mini_Project/AES_Decryption/AES_Decryption.srcs/sources_1/new/sbox.v:43]
WARNING: [Synth 8-6104] Input port '(null)[1].a' has an internal driver [C:/Users/LeeladithyaSagar/Desktop/Mini_Project/AES_Decryption/AES_Decryption.srcs/sources_1/new/sbox.v:45]
WARNING: [Synth 8-6104] Input port '(null)[1].b' has an internal driver [C:/Users/LeeladithyaSagar/Desktop/Mini_Project/AES_Decryption/AES_Decryption.srcs/sources_1/new/sbox.v:46]
WARNING: [Synth 8-6104] Input port '(null)[1].a' has an internal driver [C:/Users/LeeladithyaSagar/Desktop/Mini_Project/AES_Decryption/AES_Decryption.srcs/sources_1/new/sbox.v:43]
WARNING: [Synth 8-6104] Input port '(null)[1].a' has an internal driver [C:/Users/LeeladithyaSagar/Desktop/Mini_Project/AES_Decryption/AES_Decryption.srcs/sources_1/new/sbox.v:45]
WARNING: [Synth 8-6104] Input port '(null)[1].b' has an internal driver [C:/Users/LeeladithyaSagar/Desktop/Mini_Project/AES_Decryption/AES_Decryption.srcs/sources_1/new/sbox.v:46]
WARNING: [Synth 8-6104] Input port '(null)[1].a' has an internal driver [C:/Users/LeeladithyaSagar/Desktop/Mini_Project/AES_Decryption/AES_Decryption.srcs/sources_1/new/sbox.v:43]
WARNING: [Synth 8-6104] Input port '(null)[1].a' has an internal driver [C:/Users/LeeladithyaSagar/Desktop/Mini_Project/AES_Decryption/AES_Decryption.srcs/sources_1/new/sbox.v:45]
WARNING: [Synth 8-6104] Input port '(null)[1].b' has an internal driver [C:/Users/LeeladithyaSagar/Desktop/Mini_Project/AES_Decryption/AES_Decryption.srcs/sources_1/new/sbox.v:46]
WARNING: [Synth 8-6104] Input port '(null)[1].a' has an internal driver [C:/Users/LeeladithyaSagar/Desktop/Mini_Project/AES_Decryption/AES_Decryption.srcs/sources_1/new/sbox.v:43]
WARNING: [Synth 8-6104] Input port '(null)[1].a' has an internal driver [C:/Users/LeeladithyaSagar/Desktop/Mini_Project/AES_Decryption/AES_Decryption.srcs/sources_1/new/sbox.v:45]
WARNING: [Synth 8-6104] Input port '(null)[1].b' has an internal driver [C:/Users/LeeladithyaSagar/Desktop/Mini_Project/AES_Decryption/AES_Decryption.srcs/sources_1/new/sbox.v:46]
WARNING: [Synth 8-6104] Input port '(null)[1].a' has an internal driver [C:/Users/LeeladithyaSagar/Desktop/Mini_Project/AES_Decryption/AES_Decryption.srcs/sources_1/new/sbox.v:43]
WARNING: [Synth 8-6104] Input port '(null)[1].a' has an internal driver [C:/Users/LeeladithyaSagar/Desktop/Mini_Project/AES_Decryption/AES_Decryption.srcs/sources_1/new/sbox.v:45]
WARNING: [Synth 8-6104] Input port '(null)[1].b' has an internal driver [C:/Users/LeeladithyaSagar/Desktop/Mini_Project/AES_Decryption/AES_Decryption.srcs/sources_1/new/sbox.v:46]
WARNING: [Synth 8-6104] Input port '(null)[1].a' has an internal driver [C:/Users/LeeladithyaSagar/Desktop/Mini_Project/AES_Decryption/AES_Decryption.srcs/sources_1/new/sbox.v:43]
WARNING: [Synth 8-6104] Input port '(null)[1].a' has an internal driver [C:/Users/LeeladithyaSagar/Desktop/Mini_Project/AES_Decryption/AES_Decryption.srcs/sources_1/new/sbox.v:45]
WARNING: [Synth 8-6104] Input port '(null)[1].b' has an internal driver [C:/Users/LeeladithyaSagar/Desktop/Mini_Project/AES_Decryption/AES_Decryption.srcs/sources_1/new/sbox.v:46]
WARNING: [Synth 8-6104] Input port '(null)[1].a' has an internal driver [C:/Users/LeeladithyaSagar/Desktop/Mini_Project/AES_Decryption/AES_Decryption.srcs/sources_1/new/sbox.v:43]
WARNING: [Synth 8-6104] Input port '(null)[1].a' has an internal driver [C:/Users/LeeladithyaSagar/Desktop/Mini_Project/AES_Decryption/AES_Decryption.srcs/sources_1/new/sbox.v:45]
WARNING: [Synth 8-6104] Input port '(null)[1].b' has an internal driver [C:/Users/LeeladithyaSagar/Desktop/Mini_Project/AES_Decryption/AES_Decryption.srcs/sources_1/new/sbox.v:46]
WARNING: [Synth 8-6104] Input port '(null)[1].a' has an internal driver [C:/Users/LeeladithyaSagar/Desktop/Mini_Project/AES_Decryption/AES_Decryption.srcs/sources_1/new/sbox.v:43]
WARNING: [Synth 8-6104] Input port '(null)[1].a' has an internal driver [C:/Users/LeeladithyaSagar/Desktop/Mini_Project/AES_Decryption/AES_Decryption.srcs/sources_1/new/sbox.v:45]
WARNING: [Synth 8-6104] Input port '(null)[1].b' has an internal driver [C:/Users/LeeladithyaSagar/Desktop/Mini_Project/AES_Decryption/AES_Decryption.srcs/sources_1/new/sbox.v:46]
WARNING: [Synth 8-6104] Input port '(null)[2].a' has an internal driver [C:/Users/LeeladithyaSagar/Desktop/Mini_Project/AES_Decryption/AES_Decryption.srcs/sources_1/new/sbox.v:43]
WARNING: [Synth 8-6104] Input port '(null)[2].a' has an internal driver [C:/Users/LeeladithyaSagar/Desktop/Mini_Project/AES_Decryption/AES_Decryption.srcs/sources_1/new/sbox.v:45]
WARNING: [Synth 8-6104] Input port '(null)[2].b' has an internal driver [C:/Users/LeeladithyaSagar/Desktop/Mini_Project/AES_Decryption/AES_Decryption.srcs/sources_1/new/sbox.v:46]
WARNING: [Synth 8-6104] Input port '(null)[2].a' has an internal driver [C:/Users/LeeladithyaSagar/Desktop/Mini_Project/AES_Decryption/AES_Decryption.srcs/sources_1/new/sbox.v:43]
WARNING: [Synth 8-6104] Input port '(null)[2].a' has an internal driver [C:/Users/LeeladithyaSagar/Desktop/Mini_Project/AES_Decryption/AES_Decryption.srcs/sources_1/new/sbox.v:45]
WARNING: [Synth 8-6104] Input port '(null)[2].b' has an internal driver [C:/Users/LeeladithyaSagar/Desktop/Mini_Project/AES_Decryption/AES_Decryption.srcs/sources_1/new/sbox.v:46]
WARNING: [Synth 8-6104] Input port '(null)[2].a' has an internal driver [C:/Users/LeeladithyaSagar/Desktop/Mini_Project/AES_Decryption/AES_Decryption.srcs/sources_1/new/sbox.v:43]
WARNING: [Synth 8-6104] Input port '(null)[2].a' has an internal driver [C:/Users/LeeladithyaSagar/Desktop/Mini_Project/AES_Decryption/AES_Decryption.srcs/sources_1/new/sbox.v:45]
WARNING: [Synth 8-6104] Input port '(null)[2].b' has an internal driver [C:/Users/LeeladithyaSagar/Desktop/Mini_Project/AES_Decryption/AES_Decryption.srcs/sources_1/new/sbox.v:46]
WARNING: [Synth 8-6104] Input port '(null)[2].a' has an internal driver [C:/Users/LeeladithyaSagar/Desktop/Mini_Project/AES_Decryption/AES_Decryption.srcs/sources_1/new/sbox.v:43]
WARNING: [Synth 8-6104] Input port '(null)[2].a' has an internal driver [C:/Users/LeeladithyaSagar/Desktop/Mini_Project/AES_Decryption/AES_Decryption.srcs/sources_1/new/sbox.v:45]
WARNING: [Synth 8-6104] Input port '(null)[2].b' has an internal driver [C:/Users/LeeladithyaSagar/Desktop/Mini_Project/AES_Decryption/AES_Decryption.srcs/sources_1/new/sbox.v:46]
WARNING: [Synth 8-6104] Input port '(null)[2].a' has an internal driver [C:/Users/LeeladithyaSagar/Desktop/Mini_Project/AES_Decryption/AES_Decryption.srcs/sources_1/new/sbox.v:43]
WARNING: [Synth 8-6104] Input port '(null)[2].a' has an internal driver [C:/Users/LeeladithyaSagar/Desktop/Mini_Project/AES_Decryption/AES_Decryption.srcs/sources_1/new/sbox.v:45]
WARNING: [Synth 8-6104] Input port '(null)[2].b' has an internal driver [C:/Users/LeeladithyaSagar/Desktop/Mini_Project/AES_Decryption/AES_Decryption.srcs/sources_1/new/sbox.v:46]
WARNING: [Synth 8-6104] Input port '(null)[2].a' has an internal driver [C:/Users/LeeladithyaSagar/Desktop/Mini_Project/AES_Decryption/AES_Decryption.srcs/sources_1/new/sbox.v:43]
WARNING: [Synth 8-6104] Input port '(null)[2].a' has an internal driver [C:/Users/LeeladithyaSagar/Desktop/Mini_Project/AES_Decryption/AES_Decryption.srcs/sources_1/new/sbox.v:45]
WARNING: [Synth 8-6104] Input port '(null)[2].b' has an internal driver [C:/Users/LeeladithyaSagar/Desktop/Mini_Project/AES_Decryption/AES_Decryption.srcs/sources_1/new/sbox.v:46]
WARNING: [Synth 8-6104] Input port '(null)[2].a' has an internal driver [C:/Users/LeeladithyaSagar/Desktop/Mini_Project/AES_Decryption/AES_Decryption.srcs/sources_1/new/sbox.v:43]
WARNING: [Synth 8-6104] Input port '(null)[2].a' has an internal driver [C:/Users/LeeladithyaSagar/Desktop/Mini_Project/AES_Decryption/AES_Decryption.srcs/sources_1/new/sbox.v:45]
WARNING: [Synth 8-6104] Input port '(null)[2].b' has an internal driver [C:/Users/LeeladithyaSagar/Desktop/Mini_Project/AES_Decryption/AES_Decryption.srcs/sources_1/new/sbox.v:46]
WARNING: [Synth 8-6104] Input port '(null)[2].a' has an internal driver [C:/Users/LeeladithyaSagar/Desktop/Mini_Project/AES_Decryption/AES_Decryption.srcs/sources_1/new/sbox.v:43]
WARNING: [Synth 8-6104] Input port '(null)[2].a' has an internal driver [C:/Users/LeeladithyaSagar/Desktop/Mini_Project/AES_Decryption/AES_Decryption.srcs/sources_1/new/sbox.v:45]
WARNING: [Synth 8-6104] Input port '(null)[2].b' has an internal driver [C:/Users/LeeladithyaSagar/Desktop/Mini_Project/AES_Decryption/AES_Decryption.srcs/sources_1/new/sbox.v:46]
WARNING: [Synth 8-6104] Input port '(null)[3].a' has an internal driver [C:/Users/LeeladithyaSagar/Desktop/Mini_Project/AES_Decryption/AES_Decryption.srcs/sources_1/new/sbox.v:43]
WARNING: [Synth 8-6104] Input port '(null)[3].a' has an internal driver [C:/Users/LeeladithyaSagar/Desktop/Mini_Project/AES_Decryption/AES_Decryption.srcs/sources_1/new/sbox.v:45]
WARNING: [Synth 8-6104] Input port '(null)[3].b' has an internal driver [C:/Users/LeeladithyaSagar/Desktop/Mini_Project/AES_Decryption/AES_Decryption.srcs/sources_1/new/sbox.v:46]
WARNING: [Synth 8-6104] Input port '(null)[3].a' has an internal driver [C:/Users/LeeladithyaSagar/Desktop/Mini_Project/AES_Decryption/AES_Decryption.srcs/sources_1/new/sbox.v:43]
WARNING: [Synth 8-6104] Input port '(null)[3].a' has an internal driver [C:/Users/LeeladithyaSagar/Desktop/Mini_Project/AES_Decryption/AES_Decryption.srcs/sources_1/new/sbox.v:45]
WARNING: [Synth 8-6104] Input port '(null)[3].b' has an internal driver [C:/Users/LeeladithyaSagar/Desktop/Mini_Project/AES_Decryption/AES_Decryption.srcs/sources_1/new/sbox.v:46]
WARNING: [Synth 8-6104] Input port '(null)[3].a' has an internal driver [C:/Users/LeeladithyaSagar/Desktop/Mini_Project/AES_Decryption/AES_Decryption.srcs/sources_1/new/sbox.v:43]
WARNING: [Synth 8-6104] Input port '(null)[3].a' has an internal driver [C:/Users/LeeladithyaSagar/Desktop/Mini_Project/AES_Decryption/AES_Decryption.srcs/sources_1/new/sbox.v:45]
WARNING: [Synth 8-6104] Input port '(null)[3].b' has an internal driver [C:/Users/LeeladithyaSagar/Desktop/Mini_Project/AES_Decryption/AES_Decryption.srcs/sources_1/new/sbox.v:46]
WARNING: [Synth 8-6104] Input port '(null)[3].a' has an internal driver [C:/Users/LeeladithyaSagar/Desktop/Mini_Project/AES_Decryption/AES_Decryption.srcs/sources_1/new/sbox.v:43]
WARNING: [Synth 8-6104] Input port '(null)[3].a' has an internal driver [C:/Users/LeeladithyaSagar/Desktop/Mini_Project/AES_Decryption/AES_Decryption.srcs/sources_1/new/sbox.v:45]
WARNING: [Synth 8-6104] Input port '(null)[3].b' has an internal driver [C:/Users/LeeladithyaSagar/Desktop/Mini_Project/AES_Decryption/AES_Decryption.srcs/sources_1/new/sbox.v:46]
WARNING: [Synth 8-6104] Input port '(null)[3].a' has an internal driver [C:/Users/LeeladithyaSagar/Desktop/Mini_Project/AES_Decryption/AES_Decryption.srcs/sources_1/new/sbox.v:43]
WARNING: [Synth 8-6104] Input port '(null)[3].a' has an internal driver [C:/Users/LeeladithyaSagar/Desktop/Mini_Project/AES_Decryption/AES_Decryption.srcs/sources_1/new/sbox.v:45]
WARNING: [Synth 8-6104] Input port '(null)[3].b' has an internal driver [C:/Users/LeeladithyaSagar/Desktop/Mini_Project/AES_Decryption/AES_Decryption.srcs/sources_1/new/sbox.v:46]
WARNING: [Synth 8-6104] Input port '(null)[3].a' has an internal driver [C:/Users/LeeladithyaSagar/Desktop/Mini_Project/AES_Decryption/AES_Decryption.srcs/sources_1/new/sbox.v:43]
WARNING: [Synth 8-6104] Input port '(null)[3].a' has an internal driver [C:/Users/LeeladithyaSagar/Desktop/Mini_Project/AES_Decryption/AES_Decryption.srcs/sources_1/new/sbox.v:45]
WARNING: [Synth 8-6104] Input port '(null)[3].b' has an internal driver [C:/Users/LeeladithyaSagar/Desktop/Mini_Project/AES_Decryption/AES_Decryption.srcs/sources_1/new/sbox.v:46]
WARNING: [Synth 8-6104] Input port '(null)[3].a' has an internal driver [C:/Users/LeeladithyaSagar/Desktop/Mini_Project/AES_Decryption/AES_Decryption.srcs/sources_1/new/sbox.v:43]
WARNING: [Synth 8-6104] Input port '(null)[3].a' has an internal driver [C:/Users/LeeladithyaSagar/Desktop/Mini_Project/AES_Decryption/AES_Decryption.srcs/sources_1/new/sbox.v:45]
WARNING: [Synth 8-6104] Input port '(null)[3].b' has an internal driver [C:/Users/LeeladithyaSagar/Desktop/Mini_Project/AES_Decryption/AES_Decryption.srcs/sources_1/new/sbox.v:46]
WARNING: [Synth 8-6104] Input port '(null)[3].a' has an internal driver [C:/Users/LeeladithyaSagar/Desktop/Mini_Project/AES_Decryption/AES_Decryption.srcs/sources_1/new/sbox.v:43]
WARNING: [Synth 8-6104] Input port '(null)[3].a' has an internal driver [C:/Users/LeeladithyaSagar/Desktop/Mini_Project/AES_Decryption/AES_Decryption.srcs/sources_1/new/sbox.v:45]
WARNING: [Synth 8-6104] Input port '(null)[3].b' has an internal driver [C:/Users/LeeladithyaSagar/Desktop/Mini_Project/AES_Decryption/AES_Decryption.srcs/sources_1/new/sbox.v:46]
WARNING: [Synth 8-6104] Input port '(null)[4].a' has an internal driver [C:/Users/LeeladithyaSagar/Desktop/Mini_Project/AES_Decryption/AES_Decryption.srcs/sources_1/new/sbox.v:43]
WARNING: [Synth 8-6104] Input port '(null)[4].a' has an internal driver [C:/Users/LeeladithyaSagar/Desktop/Mini_Project/AES_Decryption/AES_Decryption.srcs/sources_1/new/sbox.v:45]
WARNING: [Synth 8-6104] Input port '(null)[4].b' has an internal driver [C:/Users/LeeladithyaSagar/Desktop/Mini_Project/AES_Decryption/AES_Decryption.srcs/sources_1/new/sbox.v:46]
WARNING: [Synth 8-6104] Input port '(null)[4].a' has an internal driver [C:/Users/LeeladithyaSagar/Desktop/Mini_Project/AES_Decryption/AES_Decryption.srcs/sources_1/new/sbox.v:43]
WARNING: [Synth 8-6104] Input port '(null)[4].a' has an internal driver [C:/Users/LeeladithyaSagar/Desktop/Mini_Project/AES_Decryption/AES_Decryption.srcs/sources_1/new/sbox.v:45]
WARNING: [Synth 8-6104] Input port '(null)[4].b' has an internal driver [C:/Users/LeeladithyaSagar/Desktop/Mini_Project/AES_Decryption/AES_Decryption.srcs/sources_1/new/sbox.v:46]
WARNING: [Synth 8-6104] Input port '(null)[4].a' has an internal driver [C:/Users/LeeladithyaSagar/Desktop/Mini_Project/AES_Decryption/AES_Decryption.srcs/sources_1/new/sbox.v:43]
WARNING: [Synth 8-6104] Input port '(null)[4].a' has an internal driver [C:/Users/LeeladithyaSagar/Desktop/Mini_Project/AES_Decryption/AES_Decryption.srcs/sources_1/new/sbox.v:45]
WARNING: [Synth 8-6104] Input port '(null)[4].b' has an internal driver [C:/Users/LeeladithyaSagar/Desktop/Mini_Project/AES_Decryption/AES_Decryption.srcs/sources_1/new/sbox.v:46]
WARNING: [Synth 8-6104] Input port '(null)[4].a' has an internal driver [C:/Users/LeeladithyaSagar/Desktop/Mini_Project/AES_Decryption/AES_Decryption.srcs/sources_1/new/sbox.v:43]
WARNING: [Synth 8-6104] Input port '(null)[4].a' has an internal driver [C:/Users/LeeladithyaSagar/Desktop/Mini_Project/AES_Decryption/AES_Decryption.srcs/sources_1/new/sbox.v:45]
WARNING: [Synth 8-6104] Input port '(null)[4].b' has an internal driver [C:/Users/LeeladithyaSagar/Desktop/Mini_Project/AES_Decryption/AES_Decryption.srcs/sources_1/new/sbox.v:46]
WARNING: [Synth 8-6104] Input port '(null)[4].a' has an internal driver [C:/Users/LeeladithyaSagar/Desktop/Mini_Project/AES_Decryption/AES_Decryption.srcs/sources_1/new/sbox.v:43]
WARNING: [Synth 8-6104] Input port '(null)[4].a' has an internal driver [C:/Users/LeeladithyaSagar/Desktop/Mini_Project/AES_Decryption/AES_Decryption.srcs/sources_1/new/sbox.v:45]
WARNING: [Synth 8-6104] Input port '(null)[4].b' has an internal driver [C:/Users/LeeladithyaSagar/Desktop/Mini_Project/AES_Decryption/AES_Decryption.srcs/sources_1/new/sbox.v:46]
WARNING: [Synth 8-6104] Input port '(null)[4].a' has an internal driver [C:/Users/LeeladithyaSagar/Desktop/Mini_Project/AES_Decryption/AES_Decryption.srcs/sources_1/new/sbox.v:43]
WARNING: [Synth 8-6104] Input port '(null)[4].a' has an internal driver [C:/Users/LeeladithyaSagar/Desktop/Mini_Project/AES_Decryption/AES_Decryption.srcs/sources_1/new/sbox.v:45]
WARNING: [Synth 8-6104] Input port '(null)[4].b' has an internal driver [C:/Users/LeeladithyaSagar/Desktop/Mini_Project/AES_Decryption/AES_Decryption.srcs/sources_1/new/sbox.v:46]
WARNING: [Synth 8-6104] Input port '(null)[4].a' has an internal driver [C:/Users/LeeladithyaSagar/Desktop/Mini_Project/AES_Decryption/AES_Decryption.srcs/sources_1/new/sbox.v:43]
WARNING: [Synth 8-6104] Input port '(null)[4].a' has an internal driver [C:/Users/LeeladithyaSagar/Desktop/Mini_Project/AES_Decryption/AES_Decryption.srcs/sources_1/new/sbox.v:45]
WARNING: [Synth 8-6104] Input port '(null)[4].b' has an internal driver [C:/Users/LeeladithyaSagar/Desktop/Mini_Project/AES_Decryption/AES_Decryption.srcs/sources_1/new/sbox.v:46]
WARNING: [Synth 8-6104] Input port '(null)[4].a' has an internal driver [C:/Users/LeeladithyaSagar/Desktop/Mini_Project/AES_Decryption/AES_Decryption.srcs/sources_1/new/sbox.v:43]
WARNING: [Synth 8-6104] Input port '(null)[4].a' has an internal driver [C:/Users/LeeladithyaSagar/Desktop/Mini_Project/AES_Decryption/AES_Decryption.srcs/sources_1/new/sbox.v:45]
WARNING: [Synth 8-6104] Input port '(null)[4].b' has an internal driver [C:/Users/LeeladithyaSagar/Desktop/Mini_Project/AES_Decryption/AES_Decryption.srcs/sources_1/new/sbox.v:46]
WARNING: [Synth 8-6104] Input port '(null)[5].a' has an internal driver [C:/Users/LeeladithyaSagar/Desktop/Mini_Project/AES_Decryption/AES_Decryption.srcs/sources_1/new/sbox.v:43]
WARNING: [Synth 8-6104] Input port '(null)[5].a' has an internal driver [C:/Users/LeeladithyaSagar/Desktop/Mini_Project/AES_Decryption/AES_Decryption.srcs/sources_1/new/sbox.v:45]
WARNING: [Synth 8-6104] Input port '(null)[5].b' has an internal driver [C:/Users/LeeladithyaSagar/Desktop/Mini_Project/AES_Decryption/AES_Decryption.srcs/sources_1/new/sbox.v:46]
WARNING: [Synth 8-6104] Input port '(null)[5].a' has an internal driver [C:/Users/LeeladithyaSagar/Desktop/Mini_Project/AES_Decryption/AES_Decryption.srcs/sources_1/new/sbox.v:43]
INFO: [Common 17-14] Message 'Synth 8-6104' appears 100 times and further instances of the messages will be disabled. Use the Tcl command set_msg_config to change the current settings.
INFO: [Synth 8-6155] done synthesizing module 'sbox' (0#1) [C:/Users/LeeladithyaSagar/Desktop/Mini_Project/AES_Decryption/AES_Decryption.srcs/sources_1/new/sbox.v:24]
INFO: [Synth 8-6155] done synthesizing module 'g_function' (0#1) [C:/Users/LeeladithyaSagar/Desktop/Mini_Project/AES_Decryption/AES_Decryption.srcs/sources_1/new/g_function.v:23]
INFO: [Synth 8-155] case statement is not full and has no default [C:/Users/LeeladithyaSagar/Desktop/Mini_Project/AES_Decryption/AES_Decryption.srcs/sources_1/new/key_expansion.v:122]
INFO: [Synth 8-6155] done synthesizing module 'key_expansion' (0#1) [C:/Users/LeeladithyaSagar/Desktop/Mini_Project/AES_Decryption/AES_Decryption.srcs/sources_1/new/key_expansion.v:23]
INFO: [Synth 8-6157] synthesizing module 'add_round_key' [C:/Users/LeeladithyaSagar/Desktop/Mini_Project/AES_Decryption/AES_Decryption.srcs/sources_1/new/add_round_key.v:22]
INFO: [Synth 8-6155] done synthesizing module 'add_round_key' (0#1) [C:/Users/LeeladithyaSagar/Desktop/Mini_Project/AES_Decryption/AES_Decryption.srcs/sources_1/new/add_round_key.v:22]
INFO: [Synth 8-6157] synthesizing module 'inverse_mix_columns' [C:/Users/LeeladithyaSagar/Desktop/Mini_Project/AES_Decryption/AES_Decryption.srcs/sources_1/new/inverse_mix_columns.v:1]
INFO: [Synth 8-6155] done synthesizing module 'inverse_mix_columns' (0#1) [C:/Users/LeeladithyaSagar/Desktop/Mini_Project/AES_Decryption/AES_Decryption.srcs/sources_1/new/inverse_mix_columns.v:1]
INFO: [Synth 8-6157] synthesizing module 'inverse_shift_rows' [C:/Users/LeeladithyaSagar/Desktop/Mini_Project/AES_Decryption/AES_Decryption.srcs/sources_1/new/inverse_shift_rows.v:1]
INFO: [Synth 8-6155] done synthesizing module 'inverse_shift_rows' (0#1) [C:/Users/LeeladithyaSagar/Desktop/Mini_Project/AES_Decryption/AES_Decryption.srcs/sources_1/new/inverse_shift_rows.v:1]
INFO: [Synth 8-6157] synthesizing module 'inverse_sub_bytes' [C:/Users/LeeladithyaSagar/Desktop/Mini_Project/AES_Decryption/AES_Decryption.srcs/sources_1/new/inverse_sub_bytes.v:1]
INFO: [Synth 8-6157] synthesizing module 'inverse_sbox' [C:/Users/LeeladithyaSagar/Desktop/Mini_Project/AES_Decryption/AES_Decryption.srcs/sources_1/new/inverse_sbox.v:22]
INFO: [Synth 8-6155] done synthesizing module 'inverse_sbox' (0#1) [C:/Users/LeeladithyaSagar/Desktop/Mini_Project/AES_Decryption/AES_Decryption.srcs/sources_1/new/inverse_sbox.v:22]
INFO: [Synth 8-6155] done synthesizing module 'inverse_sub_bytes' (0#1) [C:/Users/LeeladithyaSagar/Desktop/Mini_Project/AES_Decryption/AES_Decryption.srcs/sources_1/new/inverse_sub_bytes.v:1]
INFO: [Synth 8-6155] done synthesizing module 'AES' (0#1) [C:/Users/LeeladithyaSagar/Desktop/Mini_Project/AES_Decryption/AES_Decryption.srcs/sources_1/new/aes_top.v:23]
---------------------------------------------------------------------------------
Finished RTL Elaboration : Time (s): cpu = 00:00:13 ; elapsed = 00:00:13 . Memory (MB): peak = 1211.699 ; gain = 622.336
---------------------------------------------------------------------------------
---------------------------------------------------------------------------------
Start Handling Custom Attributes
---------------------------------------------------------------------------------
---------------------------------------------------------------------------------
Finished Handling Custom Attributes : Time (s): cpu = 00:00:13 ; elapsed = 00:00:14 . Memory (MB): peak = 1211.699 ; gain = 622.336
---------------------------------------------------------------------------------
---------------------------------------------------------------------------------
Finished RTL Optimization Phase 1 : Time (s): cpu = 00:00:13 ; elapsed = 00:00:14 . Memory (MB): peak = 1211.699 ; gain = 622.336
---------------------------------------------------------------------------------
Netlist sorting complete. Time (s): cpu = 00:00:01 ; elapsed = 00:00:00.357 . Memory (MB): peak = 1211.699 ; gain = 0.000
INFO: [Project 1-570] Preparing netlist for logic optimization

Processing XDC Constraints
Initializing timing engine
Parsing XDC File [C:/Users/LeeladithyaSagar/Desktop/Mini_Project/AES_final_review/AES_final_review.srcs/constrs_1/new/time_constraint.xdc]
Finished Parsing XDC File [C:/Users/LeeladithyaSagar/Desktop/Mini_Project/AES_final_review/AES_final_review.srcs/constrs_1/new/time_constraint.xdc]
INFO: [Project 1-236] Implementation specific constraints were found while reading constraint file [C:/Users/LeeladithyaSagar/Desktop/Mini_Project/AES_final_review/AES_final_review.srcs/constrs_1/new/time_constraint.xdc]. These constraints will be ignored for synthesis but will be used in implementation. Impacted constraints are listed in the file [.Xil/AES_propImpl.xdc].
Resolution: To avoid this warning, move constraints listed in [.Xil/AES_propImpl.xdc] to another XDC file and exclude this new file from synthesis with the used_in_synthesis property (File Properties dialog in GUI) and re-run elaboration/synthesis.
Completed Processing XDC Constraints

Netlist sorting complete. Time (s): cpu = 00:00:00 ; elapsed = 00:00:00.004 . Memory (MB): peak = 1306.160 ; gain = 0.000
INFO: [Project 1-111] Unisim Transformation Summary:
No Unisim elements were transformed.

Constraint Validation Runtime : Time (s): cpu = 00:00:00 ; elapsed = 00:00:00.069 . Memory (MB): peak = 1306.160 ; gain = 0.000
---------------------------------------------------------------------------------
Finished Constraint Validation : Time (s): cpu = 00:00:45 ; elapsed = 00:00:47 . Memory (MB): peak = 1306.160 ; gain = 716.797
---------------------------------------------------------------------------------
---------------------------------------------------------------------------------
Start Loading Part and Timing Information
---------------------------------------------------------------------------------
Loading part: xc7a200tffg1156-1
---------------------------------------------------------------------------------
Finished Loading Part and Timing Information : Time (s): cpu = 00:00:45 ; elapsed = 00:00:47 . Memory (MB): peak = 1306.160 ; gain = 716.797
---------------------------------------------------------------------------------
---------------------------------------------------------------------------------
Start Applying 'set_property' XDC Constraints
---------------------------------------------------------------------------------
---------------------------------------------------------------------------------
Finished applying 'set_property' XDC Constraints : Time (s): cpu = 00:00:45 ; elapsed = 00:00:47 . Memory (MB): peak = 1306.160 ; gain = 716.797
---------------------------------------------------------------------------------
---------------------------------------------------------------------------------
Start Preparing Guide Design
---------------------------------------------------------------------------------
CRITICAL WARNING: [Synth 8-6895] The reference checkpoint C:/Users/LeeladithyaSagar/Desktop/Mini_Project/AES_Decryption/AES_Decryption.srcs/utils_1/imports/synth_1/aes_top.dcp is not suitable for use with incremental synthesis for this design. Please regenerate the checkpoint for this design with -incremental_synth switch in the same Vivado session that synth_design has been run. Synthesis will continue with the default flow
---------------------------------------------------------------------------------
Finished Doing Graph Differ : Time (s): cpu = 00:00:46 ; elapsed = 00:00:49 . Memory (MB): peak = 1306.160 ; gain = 716.797
---------------------------------------------------------------------------------
---------------------------------------------------------------------------------
Finished Preparing Guide Design : Time (s): cpu = 00:00:46 ; elapsed = 00:00:49 . Memory (MB): peak = 1306.160 ; gain = 716.797
---------------------------------------------------------------------------------
WARNING: [Synth 8-327] inferring latch for variable 'round_output' [C:/Users/LeeladithyaSagar/Desktop/Mini_Project/AES_Decryption/AES_Decryption.srcs/sources_1/new/aes_top.v:98]
---------------------------------------------------------------------------------
Finished RTL Optimization Phase 2 : Time (s): cpu = 00:01:20 ; elapsed = 00:01:25 . Memory (MB): peak = 1306.160 ; gain = 716.797
---------------------------------------------------------------------------------


Incremental Synthesis Report Summary:

1. Incremental synthesis run: no

   Reason for not running incremental synthesis : 


INFO: [Synth 8-7130] Flow is switching to default flow due to incremental criteria not met. If you would like to alter this behaviour and have the flow terminate instead, please set the following parameter config_implementation {autoIncr.Synth.RejectBehavior Terminate}
---------------------------------------------------------------------------------
Start RTL Component Statistics 
---------------------------------------------------------------------------------
Detailed RTL Component Info : 
+---Adders : 
	   2 Input    4 Bit       Adders := 2     
+---XORs : 
	   2 Input    128 Bit         XORs := 2     
	   2 Input     32 Bit         XORs := 5     
	   2 Input      8 Bit         XORs := 3998  
	   4 Input      8 Bit         XORs := 1     
	   3 Input      8 Bit         XORs := 2     
	   7 Input      8 Bit         XORs := 2     
	   5 Input      8 Bit         XORs := 3     
	   9 Input      8 Bit         XORs := 1     
	   8 Input      8 Bit         XORs := 10    
	   4 Input      1 Bit         XORs := 40    
	   3 Input      1 Bit         XORs := 40    
	   2 Input      1 Bit         XORs := 116   
	   5 Input      1 Bit         XORs := 16    
+---Registers : 
	              128 Bit    Registers := 13    
	               32 Bit    Registers := 4     
	                4 Bit    Registers := 2     
	                1 Bit    Registers := 4     
+---Muxes : 
	   2 Input  128 Bit        Muxes := 2     
	   2 Input   32 Bit        Muxes := 4     
	   2 Input    8 Bit        Muxes := 3100  
	   2 Input    6 Bit        Muxes := 1     
	   2 Input    4 Bit        Muxes := 2     
	   2 Input    1 Bit        Muxes := 7     
	  11 Input    1 Bit        Muxes := 10    
---------------------------------------------------------------------------------
Finished RTL Component Statistics 
---------------------------------------------------------------------------------
---------------------------------------------------------------------------------
Start Part Resource Summary
---------------------------------------------------------------------------------
Part Resources:
DSPs: 740 (col length:100)
BRAMs: 730 (col length: RAMB18 100 RAMB36 50)
---------------------------------------------------------------------------------
Finished Part Resource Summary
---------------------------------------------------------------------------------
---------------------------------------------------------------------------------
Start Cross Boundary and Area Optimization
---------------------------------------------------------------------------------
WARNING: [Synth 8-7080] Parallel synthesis criteria is not met
