INFO: [VRFC 10-2263] Analyzing Verilog file "C:/Users/LeeladithyaSagar/Desktop/Mini_Project/AES_External/AES.srcs/sources_1/new/AES.v" into library xil_defaultlib
INFO: [VRFC 10-311] analyzing module AES
INFO: [VRFC 10-2263] Analyzing Verilog file "C:/Users/LeeladithyaSagar/Desktop/Mini_Project/AES_External/AES.srcs/sources_1/new/add_round_key.v" into library xil_defaultlib
INFO: [VRFC 10-311] analyzing module add_round_key
INFO: [VRFC 10-2263] Analyzing Verilog file "C:/Users/LeeladithyaSagar/Desktop/Mini_Project/AES_External/AES.srcs/sources_1/new/aes_top_decryption.v" into library xil_defaultlib
INFO: [VRFC 10-311] analyzing module aes_top_decryption
INFO: [VRFC 10-2263] Analyzing Verilog file "C:/Users/LeeladithyaSagar/Desktop/Mini_Project/AES_External/AES.srcs/sources_1/new/aes_top_encryption.v" into library xil_defaultlib
INFO: [VRFC 10-311] analyzing module aes_top_encryption
INFO: [VRFC 10-2263] Analyzing Verilog file "C:/Users/LeeladithyaSagar/Desktop/Mini_Project/AES_External/AES.srcs/sources_1/new/g_function.v" into library xil_defaultlib
INFO: [VRFC 10-311] analyzing module g_function
INFO: [VRFC 10-2263] Analyzing Verilog file "C:/Users/LeeladithyaSagar/Desktop/Mini_Project/AES_External/AES.srcs/sources_1/new/inverse_mix_columns.v" into library xil_defaultlib
INFO: [VRFC 10-311] analyzing module inverse_mix_columns
INFO: [VRFC 10-2263] Analyzing Verilog file "C:/Users/LeeladithyaSagar/Desktop/Mini_Project/AES_External/AES.srcs/sources_1/new/inverse_sbox.v" into library xil_defaultlib
INFO: [VRFC 10-311] analyzing module inverse_sbox
INFO: [VRFC 10-2263] Analyzing Verilog file "C:/Users/LeeladithyaSagar/Desktop/Mini_Project/AES_External/AES.srcs/sources_1/new/inverse_shift_rows.v" into library xil_defaultlib
INFO: [VRFC 10-311] analyzing module inverse_shift_rows
INFO: [VRFC 10-2263] Analyzing Verilog file "C:/Users/LeeladithyaSagar/Desktop/Mini_Project/AES_External/AES.srcs/sources_1/new/inverse_sub_bytes.v" into library xil_defaultlib
INFO: [VRFC 10-311] analyzing module inverse_sub_bytes
INFO: [VRFC 10-2263] Analyzing Verilog file "C:/Users/LeeladithyaSagar/Desktop/Mini_Project/AES_External/AES.srcs/sources_1/new/key_expansion.v" into library xil_defaultlib
INFO: [VRFC 10-311] analyzing module key_expansion
INFO: [VRFC 10-2263] Analyzing Verilog file "C:/Users/LeeladithyaSagar/Desktop/Mini_Project/AES_External/AES.srcs/sources_1/new/mix_columns.v" into library xil_defaultlib
INFO: [VRFC 10-311] analyzing module mix_columns
INFO: [VRFC 10-2263] Analyzing Verilog file "C:/Users/LeeladithyaSagar/Desktop/Mini_Project/AES_External/AES.srcs/sources_1/new/sbox.v" into library xil_defaultlib
INFO: [VRFC 10-311] analyzing module sbox
INFO: [VRFC 10-2263] Analyzing Verilog file "C:/Users/LeeladithyaSagar/Desktop/Mini_Project/AES_External/AES.srcs/sources_1/new/shift_rows.v" into library xil_defaultlib
INFO: [VRFC 10-311] analyzing module shift_rows
INFO: [VRFC 10-2263] Analyzing Verilog file "C:/Users/LeeladithyaSagar/Desktop/Mini_Project/AES_External/AES.srcs/sources_1/new/sub_bytes.v" into library xil_defaultlib
INFO: [VRFC 10-311] analyzing module sub_bytes
INFO: [VRFC 10-2263] Analyzing Verilog file "C:/Users/LeeladithyaSagar/Desktop/Mini_Project/AES_External/AES.srcs/sim_1/new/tb.v" into library xil_defaultlib
INFO: [VRFC 10-311] analyzing module tb
INFO: [VRFC 10-2263] Analyzing Verilog file "C:/Users/LeeladithyaSagar/Desktop/Mini_Project/AES_External/AES.sim/sim_1/behav/xsim/glbl.v" into library xil_defaultlib
INFO: [VRFC 10-311] analyzing module glbl
