
*** Running vivado
    with args -log AES_Final.vds -m64 -product Vivado -mode batch -messageDb vivado.pb -notrace -source AES_Final.tcl



****** Vivado v2024.2 (64-bit)
  **** SW Build 5239630 on Fri Nov 08 22:35:27 MST 2024
  **** IP Build 5239520 on Sun Nov 10 16:12:51 MST 2024
  **** SharedData Build 5239561 on Fri Nov 08 14:39:27 MST 2024
  **** Start of session at: Wed Jul  2 17:46:27 2025
    ** Copyright 1986-2022 Xilinx, Inc. All Rights Reserved.
    ** Copyright 2022-2024 Advanced Micro Devices, Inc. All Rights Reserved.

source AES_Final.tcl -notrace
create_project: Time (s): cpu = 00:00:06 ; elapsed = 00:00:08 . Memory (MB): peak = 412.680 ; gain = 104.934
Command: synth_design -top AES_Final -part xc7a200tffg1156-1
Starting synth_design
Attempting to get a license for feature 'Synthesis' and/or device 'xc7a200t'
INFO: [Common 17-349] Got license for feature 'Synthesis' and/or device 'xc7a200t'
INFO: [Device 21-403] Loading part xc7a200tffg1156-1
INFO: [Synth 8-7079] Multithreading enabled for synth_design using a maximum of 2 processes.
INFO: [Synth 8-7078] Launching helper process for spawning children vivado processes
INFO: [Synth 8-7075] Helper process launched with PID 17324
---------------------------------------------------------------------------------
Starting RTL Elaboration : Time (s): cpu = 00:00:13 ; elapsed = 00:00:15 . Memory (MB): peak = 1119.016 ; gain = 468.996
---------------------------------------------------------------------------------
INFO: [Synth 8-6157] synthesizing module 'AES_Final' [F:/AES_External/AES_External/AES.srcs/sources_1/new/AES.v:23]
INFO: [Synth 8-6157] synthesizing module 'freq_scaling' [F:/AES_External/AES_External/AES.srcs/sources_1/new/freq_scaling.v:23]
INFO: [Synth 8-6155] done synthesizing module 'freq_scaling' (0#1) [F:/AES_External/AES_External/AES.srcs/sources_1/new/freq_scaling.v:23]
INFO: [Synth 8-6157] synthesizing module 'uart_rx' [F:/AES_External/AES_External/AES.srcs/sources_1/new/uart_rx.v:22]
INFO: [Synth 8-155] case statement is not full and has no default [F:/AES_External/AES_External/AES.srcs/sources_1/new/uart_rx.v:67]
INFO: [Synth 8-6155] done synthesizing module 'uart_rx' (0#1) [F:/AES_External/AES_External/AES.srcs/sources_1/new/uart_rx.v:22]
WARNING: [Synth 8-7071] port 'rx_parity' of module 'uart_rx' is unconnected for instance 'uart_receiver' [F:/AES_External/AES_External/AES.srcs/sources_1/new/AES.v:62]
WARNING: [Synth 8-7023] instance 'uart_receiver' of module 'uart_rx' has 5 connections declared, but only 4 given [F:/AES_External/AES_External/AES.srcs/sources_1/new/AES.v:62]
INFO: [Synth 8-6157] synthesizing module 'uart_to_aes_input' [F:/AES_External/AES_External/AES.srcs/sources_1/new/uart_to_aes_input.v:22]
INFO: [Synth 8-6155] done synthesizing module 'uart_to_aes_input' (0#1) [F:/AES_External/AES_External/AES.srcs/sources_1/new/uart_to_aes_input.v:22]
INFO: [Synth 8-6157] synthesizing module 'aes_top_encryption' [F:/AES_External/AES_External/AES.srcs/sources_1/new/aes_top_encryption.v:23]
INFO: [Synth 8-6157] synthesizing module 'key_expansion' [F:/AES_External/AES_External/AES.srcs/sources_1/new/key_expansion.v:22]
INFO: [Synth 8-6157] synthesizing module 'g_function' [F:/AES_External/AES_External/AES.srcs/sources_1/new/g_function.v:23]
INFO: [Synth 8-6157] synthesizing module 'sbox' [F:/AES_External/AES_External/AES.srcs/sources_1/new/sbox.v:22]
WARNING: [Synth 8-6104] Input port '(null)[1].a' has an internal driver [F:/AES_External/AES_External/AES.srcs/sources_1/new/sbox.v:41]
WARNING: [Synth 8-6104] Input port '(null)[1].a' has an internal driver [F:/AES_External/AES_External/AES.srcs/sources_1/new/sbox.v:43]
WARNING: [Synth 8-6104] Input port '(null)[1].b' has an internal driver [F:/AES_External/AES_External/AES.srcs/sources_1/new/sbox.v:44]
WARNING: [Synth 8-6104] Input port '(null)[1].a' has an internal driver [F:/AES_External/AES_External/AES.srcs/sources_1/new/sbox.v:41]
WARNING: [Synth 8-6104] Input port '(null)[1].a' has an internal driver [F:/AES_External/AES_External/AES.srcs/sources_1/new/sbox.v:43]
WARNING: [Synth 8-6104] Input port '(null)[1].b' has an internal driver [F:/AES_External/AES_External/AES.srcs/sources_1/new/sbox.v:44]
WARNING: [Synth 8-6104] Input port '(null)[1].a' has an internal driver [F:/AES_External/AES_External/AES.srcs/sources_1/new/sbox.v:41]
WARNING: [Synth 8-6104] Input port '(null)[1].a' has an internal driver [F:/AES_External/AES_External/AES.srcs/sources_1/new/sbox.v:43]
WARNING: [Synth 8-6104] Input port '(null)[1].b' has an internal driver [F:/AES_External/AES_External/AES.srcs/sources_1/new/sbox.v:44]
WARNING: [Synth 8-6104] Input port '(null)[1].a' has an internal driver [F:/AES_External/AES_External/AES.srcs/sources_1/new/sbox.v:41]
WARNING: [Synth 8-6104] Input port '(null)[1].a' has an internal driver [F:/AES_External/AES_External/AES.srcs/sources_1/new/sbox.v:43]
WARNING: [Synth 8-6104] Input port '(null)[1].b' has an internal driver [F:/AES_External/AES_External/AES.srcs/sources_1/new/sbox.v:44]
WARNING: [Synth 8-6104] Input port '(null)[1].a' has an internal driver [F:/AES_External/AES_External/AES.srcs/sources_1/new/sbox.v:41]
WARNING: [Synth 8-6104] Input port '(null)[1].a' has an internal driver [F:/AES_External/AES_External/AES.srcs/sources_1/new/sbox.v:43]
WARNING: [Synth 8-6104] Input port '(null)[1].b' has an internal driver [F:/AES_External/AES_External/AES.srcs/sources_1/new/sbox.v:44]
WARNING: [Synth 8-6104] Input port '(null)[1].a' has an internal driver [F:/AES_External/AES_External/AES.srcs/sources_1/new/sbox.v:41]
WARNING: [Synth 8-6104] Input port '(null)[1].a' has an internal driver [F:/AES_External/AES_External/AES.srcs/sources_1/new/sbox.v:43]
WARNING: [Synth 8-6104] Input port '(null)[1].b' has an internal driver [F:/AES_External/AES_External/AES.srcs/sources_1/new/sbox.v:44]
WARNING: [Synth 8-6104] Input port '(null)[1].a' has an internal driver [F:/AES_External/AES_External/AES.srcs/sources_1/new/sbox.v:41]
WARNING: [Synth 8-6104] Input port '(null)[1].a' has an internal driver [F:/AES_External/AES_External/AES.srcs/sources_1/new/sbox.v:43]
WARNING: [Synth 8-6104] Input port '(null)[1].b' has an internal driver [F:/AES_External/AES_External/AES.srcs/sources_1/new/sbox.v:44]
WARNING: [Synth 8-6104] Input port '(null)[1].a' has an internal driver [F:/AES_External/AES_External/AES.srcs/sources_1/new/sbox.v:41]
WARNING: [Synth 8-6104] Input port '(null)[1].a' has an internal driver [F:/AES_External/AES_External/AES.srcs/sources_1/new/sbox.v:43]
WARNING: [Synth 8-6104] Input port '(null)[1].b' has an internal driver [F:/AES_External/AES_External/AES.srcs/sources_1/new/sbox.v:44]
WARNING: [Synth 8-6104] Input port '(null)[2].a' has an internal driver [F:/AES_External/AES_External/AES.srcs/sources_1/new/sbox.v:41]
WARNING: [Synth 8-6104] Input port '(null)[2].a' has an internal driver [F:/AES_External/AES_External/AES.srcs/sources_1/new/sbox.v:43]
WARNING: [Synth 8-6104] Input port '(null)[2].b' has an internal driver [F:/AES_External/AES_External/AES.srcs/sources_1/new/sbox.v:44]
WARNING: [Synth 8-6104] Input port '(null)[2].a' has an internal driver [F:/AES_External/AES_External/AES.srcs/sources_1/new/sbox.v:41]
WARNING: [Synth 8-6104] Input port '(null)[2].a' has an internal driver [F:/AES_External/AES_External/AES.srcs/sources_1/new/sbox.v:43]
WARNING: [Synth 8-6104] Input port '(null)[2].b' has an internal driver [F:/AES_External/AES_External/AES.srcs/sources_1/new/sbox.v:44]
WARNING: [Synth 8-6104] Input port '(null)[2].a' has an internal driver [F:/AES_External/AES_External/AES.srcs/sources_1/new/sbox.v:41]
WARNING: [Synth 8-6104] Input port '(null)[2].a' has an internal driver [F:/AES_External/AES_External/AES.srcs/sources_1/new/sbox.v:43]
WARNING: [Synth 8-6104] Input port '(null)[2].b' has an internal driver [F:/AES_External/AES_External/AES.srcs/sources_1/new/sbox.v:44]
WARNING: [Synth 8-6104] Input port '(null)[2].a' has an internal driver [F:/AES_External/AES_External/AES.srcs/sources_1/new/sbox.v:41]
WARNING: [Synth 8-6104] Input port '(null)[2].a' has an internal driver [F:/AES_External/AES_External/AES.srcs/sources_1/new/sbox.v:43]
WARNING: [Synth 8-6104] Input port '(null)[2].b' has an internal driver [F:/AES_External/AES_External/AES.srcs/sources_1/new/sbox.v:44]
WARNING: [Synth 8-6104] Input port '(null)[2].a' has an internal driver [F:/AES_External/AES_External/AES.srcs/sources_1/new/sbox.v:41]
WARNING: [Synth 8-6104] Input port '(null)[2].a' has an internal driver [F:/AES_External/AES_External/AES.srcs/sources_1/new/sbox.v:43]
WARNING: [Synth 8-6104] Input port '(null)[2].b' has an internal driver [F:/AES_External/AES_External/AES.srcs/sources_1/new/sbox.v:44]
WARNING: [Synth 8-6104] Input port '(null)[2].a' has an internal driver [F:/AES_External/AES_External/AES.srcs/sources_1/new/sbox.v:41]
WARNING: [Synth 8-6104] Input port '(null)[2].a' has an internal driver [F:/AES_External/AES_External/AES.srcs/sources_1/new/sbox.v:43]
WARNING: [Synth 8-6104] Input port '(null)[2].b' has an internal driver [F:/AES_External/AES_External/AES.srcs/sources_1/new/sbox.v:44]
WARNING: [Synth 8-6104] Input port '(null)[2].a' has an internal driver [F:/AES_External/AES_External/AES.srcs/sources_1/new/sbox.v:41]
WARNING: [Synth 8-6104] Input port '(null)[2].a' has an internal driver [F:/AES_External/AES_External/AES.srcs/sources_1/new/sbox.v:43]
WARNING: [Synth 8-6104] Input port '(null)[2].b' has an internal driver [F:/AES_External/AES_External/AES.srcs/sources_1/new/sbox.v:44]
WARNING: [Synth 8-6104] Input port '(null)[2].a' has an internal driver [F:/AES_External/AES_External/AES.srcs/sources_1/new/sbox.v:41]
WARNING: [Synth 8-6104] Input port '(null)[2].a' has an internal driver [F:/AES_External/AES_External/AES.srcs/sources_1/new/sbox.v:43]
WARNING: [Synth 8-6104] Input port '(null)[2].b' has an internal driver [F:/AES_External/AES_External/AES.srcs/sources_1/new/sbox.v:44]
WARNING: [Synth 8-6104] Input port '(null)[3].a' has an internal driver [F:/AES_External/AES_External/AES.srcs/sources_1/new/sbox.v:41]
WARNING: [Synth 8-6104] Input port '(null)[3].a' has an internal driver [F:/AES_External/AES_External/AES.srcs/sources_1/new/sbox.v:43]
WARNING: [Synth 8-6104] Input port '(null)[3].b' has an internal driver [F:/AES_External/AES_External/AES.srcs/sources_1/new/sbox.v:44]
WARNING: [Synth 8-6104] Input port '(null)[3].a' has an internal driver [F:/AES_External/AES_External/AES.srcs/sources_1/new/sbox.v:41]
WARNING: [Synth 8-6104] Input port '(null)[3].a' has an internal driver [F:/AES_External/AES_External/AES.srcs/sources_1/new/sbox.v:43]
WARNING: [Synth 8-6104] Input port '(null)[3].b' has an internal driver [F:/AES_External/AES_External/AES.srcs/sources_1/new/sbox.v:44]
WARNING: [Synth 8-6104] Input port '(null)[3].a' has an internal driver [F:/AES_External/AES_External/AES.srcs/sources_1/new/sbox.v:41]
WARNING: [Synth 8-6104] Input port '(null)[3].a' has an internal driver [F:/AES_External/AES_External/AES.srcs/sources_1/new/sbox.v:43]
WARNING: [Synth 8-6104] Input port '(null)[3].b' has an internal driver [F:/AES_External/AES_External/AES.srcs/sources_1/new/sbox.v:44]
WARNING: [Synth 8-6104] Input port '(null)[3].a' has an internal driver [F:/AES_External/AES_External/AES.srcs/sources_1/new/sbox.v:41]
WARNING: [Synth 8-6104] Input port '(null)[3].a' has an internal driver [F:/AES_External/AES_External/AES.srcs/sources_1/new/sbox.v:43]
WARNING: [Synth 8-6104] Input port '(null)[3].b' has an internal driver [F:/AES_External/AES_External/AES.srcs/sources_1/new/sbox.v:44]
WARNING: [Synth 8-6104] Input port '(null)[3].a' has an internal driver [F:/AES_External/AES_External/AES.srcs/sources_1/new/sbox.v:41]
WARNING: [Synth 8-6104] Input port '(null)[3].a' has an internal driver [F:/AES_External/AES_External/AES.srcs/sources_1/new/sbox.v:43]
WARNING: [Synth 8-6104] Input port '(null)[3].b' has an internal driver [F:/AES_External/AES_External/AES.srcs/sources_1/new/sbox.v:44]
WARNING: [Synth 8-6104] Input port '(null)[3].a' has an internal driver [F:/AES_External/AES_External/AES.srcs/sources_1/new/sbox.v:41]
WARNING: [Synth 8-6104] Input port '(null)[3].a' has an internal driver [F:/AES_External/AES_External/AES.srcs/sources_1/new/sbox.v:43]
WARNING: [Synth 8-6104] Input port '(null)[3].b' has an internal driver [F:/AES_External/AES_External/AES.srcs/sources_1/new/sbox.v:44]
WARNING: [Synth 8-6104] Input port '(null)[3].a' has an internal driver [F:/AES_External/AES_External/AES.srcs/sources_1/new/sbox.v:41]
WARNING: [Synth 8-6104] Input port '(null)[3].a' has an internal driver [F:/AES_External/AES_External/AES.srcs/sources_1/new/sbox.v:43]
WARNING: [Synth 8-6104] Input port '(null)[3].b' has an internal driver [F:/AES_External/AES_External/AES.srcs/sources_1/new/sbox.v:44]
WARNING: [Synth 8-6104] Input port '(null)[3].a' has an internal driver [F:/AES_External/AES_External/AES.srcs/sources_1/new/sbox.v:41]
WARNING: [Synth 8-6104] Input port '(null)[3].a' has an internal driver [F:/AES_External/AES_External/AES.srcs/sources_1/new/sbox.v:43]
WARNING: [Synth 8-6104] Input port '(null)[3].b' has an internal driver [F:/AES_External/AES_External/AES.srcs/sources_1/new/sbox.v:44]
WARNING: [Synth 8-6104] Input port '(null)[4].a' has an internal driver [F:/AES_External/AES_External/AES.srcs/sources_1/new/sbox.v:41]
WARNING: [Synth 8-6104] Input port '(null)[4].a' has an internal driver [F:/AES_External/AES_External/AES.srcs/sources_1/new/sbox.v:43]
WARNING: [Synth 8-6104] Input port '(null)[4].b' has an internal driver [F:/AES_External/AES_External/AES.srcs/sources_1/new/sbox.v:44]
WARNING: [Synth 8-6104] Input port '(null)[4].a' has an internal driver [F:/AES_External/AES_External/AES.srcs/sources_1/new/sbox.v:41]
WARNING: [Synth 8-6104] Input port '(null)[4].a' has an internal driver [F:/AES_External/AES_External/AES.srcs/sources_1/new/sbox.v:43]
WARNING: [Synth 8-6104] Input port '(null)[4].b' has an internal driver [F:/AES_External/AES_External/AES.srcs/sources_1/new/sbox.v:44]
WARNING: [Synth 8-6104] Input port '(null)[4].a' has an internal driver [F:/AES_External/AES_External/AES.srcs/sources_1/new/sbox.v:41]
WARNING: [Synth 8-6104] Input port '(null)[4].a' has an internal driver [F:/AES_External/AES_External/AES.srcs/sources_1/new/sbox.v:43]
WARNING: [Synth 8-6104] Input port '(null)[4].b' has an internal driver [F:/AES_External/AES_External/AES.srcs/sources_1/new/sbox.v:44]
WARNING: [Synth 8-6104] Input port '(null)[4].a' has an internal driver [F:/AES_External/AES_External/AES.srcs/sources_1/new/sbox.v:41]
WARNING: [Synth 8-6104] Input port '(null)[4].a' has an internal driver [F:/AES_External/AES_External/AES.srcs/sources_1/new/sbox.v:43]
WARNING: [Synth 8-6104] Input port '(null)[4].b' has an internal driver [F:/AES_External/AES_External/AES.srcs/sources_1/new/sbox.v:44]
WARNING: [Synth 8-6104] Input port '(null)[4].a' has an internal driver [F:/AES_External/AES_External/AES.srcs/sources_1/new/sbox.v:41]
WARNING: [Synth 8-6104] Input port '(null)[4].a' has an internal driver [F:/AES_External/AES_External/AES.srcs/sources_1/new/sbox.v:43]
WARNING: [Synth 8-6104] Input port '(null)[4].b' has an internal driver [F:/AES_External/AES_External/AES.srcs/sources_1/new/sbox.v:44]
WARNING: [Synth 8-6104] Input port '(null)[4].a' has an internal driver [F:/AES_External/AES_External/AES.srcs/sources_1/new/sbox.v:41]
WARNING: [Synth 8-6104] Input port '(null)[4].a' has an internal driver [F:/AES_External/AES_External/AES.srcs/sources_1/new/sbox.v:43]
WARNING: [Synth 8-6104] Input port '(null)[4].b' has an internal driver [F:/AES_External/AES_External/AES.srcs/sources_1/new/sbox.v:44]
WARNING: [Synth 8-6104] Input port '(null)[4].a' has an internal driver [F:/AES_External/AES_External/AES.srcs/sources_1/new/sbox.v:41]
WARNING: [Synth 8-6104] Input port '(null)[4].a' has an internal driver [F:/AES_External/AES_External/AES.srcs/sources_1/new/sbox.v:43]
WARNING: [Synth 8-6104] Input port '(null)[4].b' has an internal driver [F:/AES_External/AES_External/AES.srcs/sources_1/new/sbox.v:44]
WARNING: [Synth 8-6104] Input port '(null)[4].a' has an internal driver [F:/AES_External/AES_External/AES.srcs/sources_1/new/sbox.v:41]
WARNING: [Synth 8-6104] Input port '(null)[4].a' has an internal driver [F:/AES_External/AES_External/AES.srcs/sources_1/new/sbox.v:43]
WARNING: [Synth 8-6104] Input port '(null)[4].b' has an internal driver [F:/AES_External/AES_External/AES.srcs/sources_1/new/sbox.v:44]
WARNING: [Synth 8-6104] Input port '(null)[5].a' has an internal driver [F:/AES_External/AES_External/AES.srcs/sources_1/new/sbox.v:41]
WARNING: [Synth 8-6104] Input port '(null)[5].a' has an internal driver [F:/AES_External/AES_External/AES.srcs/sources_1/new/sbox.v:43]
WARNING: [Synth 8-6104] Input port '(null)[5].b' has an internal driver [F:/AES_External/AES_External/AES.srcs/sources_1/new/sbox.v:44]
WARNING: [Synth 8-6104] Input port '(null)[5].a' has an internal driver [F:/AES_External/AES_External/AES.srcs/sources_1/new/sbox.v:41]
INFO: [Common 17-14] Message 'Synth 8-6104' appears 100 times and further instances of the messages will be disabled. Use the Tcl command set_msg_config to change the current settings.
INFO: [Synth 8-6155] done synthesizing module 'sbox' (0#1) [F:/AES_External/AES_External/AES.srcs/sources_1/new/sbox.v:22]
INFO: [Synth 8-6155] done synthesizing module 'g_function' (0#1) [F:/AES_External/AES_External/AES.srcs/sources_1/new/g_function.v:23]
INFO: [Synth 8-155] case statement is not full and has no default [F:/AES_External/AES_External/AES.srcs/sources_1/new/key_expansion.v:121]
INFO: [Synth 8-6155] done synthesizing module 'key_expansion' (0#1) [F:/AES_External/AES_External/AES.srcs/sources_1/new/key_expansion.v:22]
INFO: [Synth 8-6157] synthesizing module 'sub_bytes' [F:/AES_External/AES_External/AES.srcs/sources_1/new/sub_bytes.v:22]
INFO: [Synth 8-6155] done synthesizing module 'sub_bytes' (0#1) [F:/AES_External/AES_External/AES.srcs/sources_1/new/sub_bytes.v:22]
INFO: [Synth 8-6157] synthesizing module 'shift_rows' [F:/AES_External/AES_External/AES.srcs/sources_1/new/shift_rows.v:22]
INFO: [Synth 8-6155] done synthesizing module 'shift_rows' (0#1) [F:/AES_External/AES_External/AES.srcs/sources_1/new/shift_rows.v:22]
INFO: [Synth 8-6157] synthesizing module 'mix_columns' [F:/AES_External/AES_External/AES.srcs/sources_1/new/mix_columns.v:22]
INFO: [Synth 8-6155] done synthesizing module 'mix_columns' (0#1) [F:/AES_External/AES_External/AES.srcs/sources_1/new/mix_columns.v:22]
INFO: [Synth 8-6157] synthesizing module 'add_round_key' [F:/AES_External/AES_External/AES.srcs/sources_1/new/add_round_key.v:22]
INFO: [Synth 8-6155] done synthesizing module 'add_round_key' (0#1) [F:/AES_External/AES_External/AES.srcs/sources_1/new/add_round_key.v:22]
INFO: [Synth 8-6155] done synthesizing module 'aes_top_encryption' (0#1) [F:/AES_External/AES_External/AES.srcs/sources_1/new/aes_top_encryption.v:23]
INFO: [Synth 8-6157] synthesizing module 'aes_top_decryption' [F:/AES_External/AES_External/AES.srcs/sources_1/new/aes_top_decryption.v:22]
INFO: [Synth 8-6157] synthesizing module 'inverse_mix_columns' [F:/AES_External/AES_External/AES.srcs/sources_1/new/inverse_mix_columns.v:22]
INFO: [Synth 8-6155] done synthesizing module 'inverse_mix_columns' (0#1) [F:/AES_External/AES_External/AES.srcs/sources_1/new/inverse_mix_columns.v:22]
INFO: [Synth 8-6157] synthesizing module 'inverse_shift_rows' [F:/AES_External/AES_External/AES.srcs/sources_1/new/inverse_shift_rows.v:22]
INFO: [Synth 8-6155] done synthesizing module 'inverse_shift_rows' (0#1) [F:/AES_External/AES_External/AES.srcs/sources_1/new/inverse_shift_rows.v:22]
INFO: [Synth 8-6157] synthesizing module 'inverse_sub_bytes' [F:/AES_External/AES_External/AES.srcs/sources_1/new/inverse_sub_bytes.v:22]
INFO: [Synth 8-6157] synthesizing module 'inverse_sbox' [F:/AES_External/AES_External/AES.srcs/sources_1/new/inverse_sbox.v:22]
INFO: [Synth 8-6155] done synthesizing module 'inverse_sbox' (0#1) [F:/AES_External/AES_External/AES.srcs/sources_1/new/inverse_sbox.v:22]
INFO: [Synth 8-6155] done synthesizing module 'inverse_sub_bytes' (0#1) [F:/AES_External/AES_External/AES.srcs/sources_1/new/inverse_sub_bytes.v:22]
INFO: [Synth 8-6155] done synthesizing module 'aes_top_decryption' (0#1) [F:/AES_External/AES_External/AES.srcs/sources_1/new/aes_top_decryption.v:22]
INFO: [Synth 8-6157] synthesizing module 'aes_output_to_uart' [F:/AES_External/AES_External/AES.srcs/sources_1/new/aes_output_to_uart.v:23]
INFO: [Synth 8-6155] done synthesizing module 'aes_output_to_uart' (0#1) [F:/AES_External/AES_External/AES.srcs/sources_1/new/aes_output_to_uart.v:23]
WARNING: [Synth 8-7071] port 'busy' of module 'aes_output_to_uart' is unconnected for instance 'uart_output_handler' [F:/AES_External/AES_External/AES.srcs/sources_1/new/AES.v:104]
WARNING: [Synth 8-7023] instance 'uart_output_handler' of module 'aes_output_to_uart' has 8 connections declared, but only 7 given [F:/AES_External/AES_External/AES.srcs/sources_1/new/AES.v:104]
INFO: [Synth 8-6157] synthesizing module 'uart_tx' [F:/AES_External/AES_External/AES.srcs/sources_1/new/uart_tx.v:22]
INFO: [Synth 8-155] case statement is not full and has no default [F:/AES_External/AES_External/AES.srcs/sources_1/new/uart_tx.v:59]
INFO: [Synth 8-6155] done synthesizing module 'uart_tx' (0#1) [F:/AES_External/AES_External/AES.srcs/sources_1/new/uart_tx.v:22]
INFO: [Synth 8-6155] done synthesizing module 'AES_Final' (0#1) [F:/AES_External/AES_External/AES.srcs/sources_1/new/AES.v:23]
---------------------------------------------------------------------------------
Finished RTL Elaboration : Time (s): cpu = 00:00:21 ; elapsed = 00:00:24 . Memory (MB): peak = 1277.074 ; gain = 627.055
---------------------------------------------------------------------------------
---------------------------------------------------------------------------------
Start Handling Custom Attributes
---------------------------------------------------------------------------------
---------------------------------------------------------------------------------
Finished Handling Custom Attributes : Time (s): cpu = 00:00:22 ; elapsed = 00:00:24 . Memory (MB): peak = 1277.074 ; gain = 627.055
---------------------------------------------------------------------------------
---------------------------------------------------------------------------------
Finished RTL Optimization Phase 1 : Time (s): cpu = 00:00:22 ; elapsed = 00:00:24 . Memory (MB): peak = 1277.074 ; gain = 627.055
---------------------------------------------------------------------------------
Netlist sorting complete. Time (s): cpu = 00:00:01 ; elapsed = 00:00:01 . Memory (MB): peak = 1277.074 ; gain = 0.000
INFO: [Project 1-570] Preparing netlist for logic optimization

Processing XDC Constraints
Initializing timing engine
Parsing XDC File [F:/AES_External/AES_External/AES.srcs/constrs_1/new/constraint.xdc]
Finished Parsing XDC File [F:/AES_External/AES_External/AES.srcs/constrs_1/new/constraint.xdc]
INFO: [Project 1-236] Implementation specific constraints were found while reading constraint file [F:/AES_External/AES_External/AES.srcs/constrs_1/new/constraint.xdc]. These constraints will be ignored for synthesis but will be used in implementation. Impacted constraints are listed in the file [.Xil/AES_Final_propImpl.xdc].
Resolution: To avoid this warning, move constraints listed in [.Xil/AES_Final_propImpl.xdc] to another XDC file and exclude this new file from synthesis with the used_in_synthesis property (File Properties dialog in GUI) and re-run elaboration/synthesis.
Completed Processing XDC Constraints

Netlist sorting complete. Time (s): cpu = 00:00:00 ; elapsed = 00:00:00.013 . Memory (MB): peak = 1412.863 ; gain = 0.000
INFO: [Project 1-111] Unisim Transformation Summary:
No Unisim elements were transformed.

Constraint Validation Runtime : Time (s): cpu = 00:00:00 ; elapsed = 00:00:00.180 . Memory (MB): peak = 1412.863 ; gain = 0.000
---------------------------------------------------------------------------------
Finished Constraint Validation : Time (s): cpu = 00:00:58 ; elapsed = 00:00:59 . Memory (MB): peak = 1412.863 ; gain = 762.844
---------------------------------------------------------------------------------
---------------------------------------------------------------------------------
Start Loading Part and Timing Information
---------------------------------------------------------------------------------
Loading part: xc7a200tffg1156-1
---------------------------------------------------------------------------------
Finished Loading Part and Timing Information : Time (s): cpu = 00:00:58 ; elapsed = 00:00:59 . Memory (MB): peak = 1412.863 ; gain = 762.844
---------------------------------------------------------------------------------
---------------------------------------------------------------------------------
Start Applying 'set_property' XDC Constraints
---------------------------------------------------------------------------------
---------------------------------------------------------------------------------
Finished applying 'set_property' XDC Constraints : Time (s): cpu = 00:00:58 ; elapsed = 00:00:59 . Memory (MB): peak = 1412.863 ; gain = 762.844
---------------------------------------------------------------------------------
INFO: [Synth 8-802] inferred FSM for state register 'state_reg' in module 'uart_rx'
INFO: [Synth 8-802] inferred FSM for state register 'state_reg' in module 'uart_tx'
---------------------------------------------------------------------------------------------------
                   State |                     New Encoding |                Previous Encoding 
---------------------------------------------------------------------------------------------------
                    IDLE |                              000 |                              000
                   START |                              001 |                              001
                    DATA |                              010 |                              010
                  PARITY |                              011 |                              011
                    STOP |                              100 |                              100
---------------------------------------------------------------------------------------------------
INFO: [Synth 8-3354] encoded FSM with state register 'state_reg' using encoding 'sequential' in module 'uart_rx'
WARNING: [Synth 8-327] inferring latch for variable 'round_output' [F:/AES_External/AES_External/AES.srcs/sources_1/new/aes_top_decryption.v:97]
---------------------------------------------------------------------------------------------------
                   State |                     New Encoding |                Previous Encoding 
---------------------------------------------------------------------------------------------------
                 iSTATE0 |                              000 |                              000
                 iSTATE1 |                              001 |                              001
                 iSTATE2 |                              010 |                              010
                 iSTATE3 |                              011 |                              011
                 iSTATE4 |                              100 |                              100
                  iSTATE |                              101 |                              101
---------------------------------------------------------------------------------------------------
INFO: [Synth 8-3354] encoded FSM with state register 'state_reg' using encoding 'sequential' in module 'uart_tx'
---------------------------------------------------------------------------------
Finished RTL Optimization Phase 2 : Time (s): cpu = 00:01:23 ; elapsed = 00:01:26 . Memory (MB): peak = 1412.863 ; gain = 762.844
---------------------------------------------------------------------------------
---------------------------------------------------------------------------------
Start RTL Component Statistics 
---------------------------------------------------------------------------------
Detailed RTL Component Info : 
+---Adders : 
	   2 Input    6 Bit       Adders := 1     
	   2 Input    5 Bit       Adders := 3     
	   2 Input    4 Bit       Adders := 6     
	   2 Input    3 Bit       Adders := 1     
+---XORs : 
	   2 Input    128 Bit         XORs := 4     
	   2 Input     32 Bit         XORs := 10    
	   2 Input      8 Bit         XORs := 9104  
	   3 Input      8 Bit         XORs := 9     
	   4 Input      8 Bit         XORs := 6     
	   5 Input      8 Bit         XORs := 6     
	   7 Input      8 Bit         XORs := 2     
	   9 Input      8 Bit         XORs := 1     
	   8 Input      8 Bit         XORs := 10    
	   2 Input      1 Bit         XORs := 216   
	   4 Input      1 Bit         XORs := 80    
	   5 Input      1 Bit         XORs := 96    
	   3 Input      1 Bit         XORs := 80    
+---XORs : 
	                8 Bit    Wide XORs := 1     
+---Registers : 
	              128 Bit    Registers := 31    
	               32 Bit    Registers := 8     
	                8 Bit    Registers := 4     
	                6 Bit    Registers := 1     
	                5 Bit    Registers := 3     
	                4 Bit    Registers := 6     
	                3 Bit    Registers := 1     
	                1 Bit    Registers := 17    
+---Muxes : 
	   2 Input  128 Bit        Muxes := 5     
	   2 Input   32 Bit        Muxes := 8     
	   2 Input    8 Bit        Muxes := 3256  
	   3 Input    8 Bit        Muxes := 1     
	   5 Input    8 Bit        Muxes := 1     
	   6 Input    8 Bit        Muxes := 1     
	   2 Input    6 Bit        Muxes := 2     
	   2 Input    5 Bit        Muxes := 3     
	   3 Input    5 Bit        Muxes := 1     
	   5 Input    5 Bit        Muxes := 1     
	   6 Input    5 Bit        Muxes := 1     
	   2 Input    4 Bit        Muxes := 5     
	   6 Input    4 Bit        Muxes := 1     
	   2 Input    3 Bit        Muxes := 1     
	   5 Input    3 Bit        Muxes := 1     
	   6 Input    3 Bit        Muxes := 1     
	   2 Input    1 Bit        Muxes := 30    
	  11 Input    1 Bit        Muxes := 20    
	   3 Input    1 Bit        Muxes := 1     
	   5 Input    1 Bit        Muxes := 7     
	   6 Input    1 Bit        Muxes := 6     
---------------------------------------------------------------------------------
Finished RTL Component Statistics 
---------------------------------------------------------------------------------
---------------------------------------------------------------------------------
Start Part Resource Summary
---------------------------------------------------------------------------------
Part Resources:
DSPs: 740 (col length:100)
BRAMs: 730 (col length: RAMB18 100 RAMB36 50)
---------------------------------------------------------------------------------
Finished Part Resource Summary
---------------------------------------------------------------------------------
---------------------------------------------------------------------------------
Start Cross Boundary and Area Optimization
---------------------------------------------------------------------------------
---------------------------------------------------------------------------------
Finished Cross Boundary and Area Optimization : Time (s): cpu = 00:25:25 ; elapsed = 00:36:19 . Memory (MB): peak = 1479.059 ; gain = 829.039
---------------------------------------------------------------------------------
---------------------------------------------------------------------------------
Start Applying XDC Timing Constraints
---------------------------------------------------------------------------------
---------------------------------------------------------------------------------
Finished Applying XDC Timing Constraints : Time (s): cpu = 00:25:42 ; elapsed = 00:36:38 . Memory (MB): peak = 1604.750 ; gain = 954.730
---------------------------------------------------------------------------------
---------------------------------------------------------------------------------
Start Timing Optimization
---------------------------------------------------------------------------------
---------------------------------------------------------------------------------
Finished Timing Optimization : Time (s): cpu = 00:26:12 ; elapsed = 00:37:09 . Memory (MB): peak = 1737.742 ; gain = 1087.723
---------------------------------------------------------------------------------
---------------------------------------------------------------------------------
Start Technology Mapping
---------------------------------------------------------------------------------
WARNING: [Synth 8-7080] Parallel synthesis criteria is not met
---------------------------------------------------------------------------------
Finished Technology Mapping : Time (s): cpu = 00:26:20 ; elapsed = 00:37:17 . Memory (MB): peak = 1754.273 ; gain = 1104.254
---------------------------------------------------------------------------------
---------------------------------------------------------------------------------
Start IO Insertion
---------------------------------------------------------------------------------
---------------------------------------------------------------------------------
Start Flattening Before IO Insertion
---------------------------------------------------------------------------------
---------------------------------------------------------------------------------
Finished Flattening Before IO Insertion
---------------------------------------------------------------------------------
---------------------------------------------------------------------------------
Start Final Netlist Cleanup
---------------------------------------------------------------------------------
---------------------------------------------------------------------------------
Finished Final Netlist Cleanup
---------------------------------------------------------------------------------
---------------------------------------------------------------------------------
Finished IO Insertion : Time (s): cpu = 00:26:31 ; elapsed = 00:37:30 . Memory (MB): peak = 1787.168 ; gain = 1137.148
---------------------------------------------------------------------------------
---------------------------------------------------------------------------------
Start Renaming Generated Instances
---------------------------------------------------------------------------------
---------------------------------------------------------------------------------
Finished Renaming Generated Instances : Time (s): cpu = 00:26:31 ; elapsed = 00:37:30 . Memory (MB): peak = 1787.168 ; gain = 1137.148
---------------------------------------------------------------------------------
---------------------------------------------------------------------------------
Start Rebuilding User Hierarchy
---------------------------------------------------------------------------------
---------------------------------------------------------------------------------
Finished Rebuilding User Hierarchy : Time (s): cpu = 00:26:33 ; elapsed = 00:37:32 . Memory (MB): peak = 1787.168 ; gain = 1137.148
---------------------------------------------------------------------------------
---------------------------------------------------------------------------------
Start Renaming Generated Ports
---------------------------------------------------------------------------------
---------------------------------------------------------------------------------
Finished Renaming Generated Ports : Time (s): cpu = 00:26:33 ; elapsed = 00:37:32 . Memory (MB): peak = 1787.168 ; gain = 1137.148
---------------------------------------------------------------------------------
---------------------------------------------------------------------------------
Start Handling Custom Attributes
---------------------------------------------------------------------------------
---------------------------------------------------------------------------------
Finished Handling Custom Attributes : Time (s): cpu = 00:26:34 ; elapsed = 00:37:32 . Memory (MB): peak = 1787.168 ; gain = 1137.148
---------------------------------------------------------------------------------
---------------------------------------------------------------------------------
Start Renaming Generated Nets
---------------------------------------------------------------------------------
---------------------------------------------------------------------------------
Finished Renaming Generated Nets : Time (s): cpu = 00:26:34 ; elapsed = 00:37:33 . Memory (MB): peak = 1787.168 ; gain = 1137.148
---------------------------------------------------------------------------------
---------------------------------------------------------------------------------
Start Writing Synthesis Report
---------------------------------------------------------------------------------

Report BlackBoxes: 
+-+--------------+----------+
| |BlackBox name |Instances |
+-+--------------+----------+
+-+--------------+----------+

Report Cell Usage: 
+------+------+------+
|      |Cell  |Count |
+------+------+------+
|1     |BUFG  |     3|
|2     |LUT1  |     1|
|3     |LUT2  |   561|
|4     |LUT3  |   478|
|5     |LUT4  |   467|
|6     |LUT5  |   246|
|7     |LUT6  |  2587|
|8     |MUXF7 |   592|
|9     |MUXF8 |   256|
|10    |FDCE  |  4266|
|11    |FDPE  |     2|
|12    |FDRE  |    56|
|13    |LD    |   128|
|14    |IBUF  |     3|
|15    |OBUF  |     1|
+------+------+------+
---------------------------------------------------------------------------------
Finished Writing Synthesis Report : Time (s): cpu = 00:26:34 ; elapsed = 00:37:33 . Memory (MB): peak = 1787.168 ; gain = 1137.148
---------------------------------------------------------------------------------
Synthesis finished with 0 errors, 0 critical warnings and 2 warnings.
Synthesis Optimization Runtime : Time (s): cpu = 00:25:51 ; elapsed = 00:37:16 . Memory (MB): peak = 1787.168 ; gain = 1001.359
Synthesis Optimization Complete : Time (s): cpu = 00:26:34 ; elapsed = 00:37:35 . Memory (MB): peak = 1787.168 ; gain = 1137.148
INFO: [Project 1-571] Translating synthesized netlist
Netlist sorting complete. Time (s): cpu = 00:00:01 ; elapsed = 00:00:00.203 . Memory (MB): peak = 1800.355 ; gain = 0.000
INFO: [Netlist 29-17] Analyzing 976 Unisim elements for replacement
INFO: [Netlist 29-28] Unisim Transformation completed in 0 CPU seconds
INFO: [Project 1-570] Preparing netlist for logic optimization
INFO: [Opt 31-138] Pushed 0 inverter(s) to 0 load pin(s).
Netlist sorting complete. Time (s): cpu = 00:00:00 ; elapsed = 00:00:00.003 . Memory (MB): peak = 1806.598 ; gain = 0.000
INFO: [Project 1-111] Unisim Transformation Summary:
  A total of 128 instances were transformed.
  LD => LDCE: 128 instances

Synth Design complete | Checksum: ba829b3a
INFO: [Common 17-83] Releasing license: Synthesis
61 Infos, 106 Warnings, 0 Critical Warnings and 0 Errors encountered.
synth_design completed successfully
synth_design: Time (s): cpu = 00:26:49 ; elapsed = 00:38:08 . Memory (MB): peak = 1806.598 ; gain = 1393.918
Write ShapeDB Complete: Time (s): cpu = 00:00:00 ; elapsed = 00:00:00.051 . Memory (MB): peak = 1806.598 ; gain = 0.000
INFO: [Common 17-1381] The checkpoint 'F:/AES_External/AES_External/AES.runs/synth_1/AES_Final.dcp' has been generated.
INFO: [Vivado 12-24828] Executing command : report_utilization -file AES_Final_utilization_synth.rpt -pb AES_Final_utilization_synth.pb
INFO: [Common 17-206] Exiting Vivado at Wed Jul  2 18:24:53 2025...
